D:\WORKING\EMI\EMICONTROL\EMICONTROL\EMICONTROL\X64\DEBUG\ACCESSRIGHT.OBJ
D:\WORKING\EMI\EMICONTROL\EMICONTROL\EMICONTROL\X64\DEBUG\BTNENHCTRL.OBJ
D:\working\emi\EMIControl\EMIControl\EMIControl\x64\Debug\cl.command.1.tlog
D:\working\emi\EMIControl\EMIControl\EMIControl\x64\Debug\CL.read.1.tlog
D:\working\emi\EMIControl\EMIControl\EMIControl\x64\Debug\CL.write.1.tlog
D:\WORKING\EMI\EMICONTROL\EMICONTROL\EMICONTROL\X64\DEBUG\CLIENTSOK.OBJ
D:\WORKING\EMI\EMICONTROL\EMICONTROL\EMICONTROL\X64\DEBUG\COMMTHREAD.OBJ
D:\WORKING\EMI\EMICONTROL\EMICONTROL\EMICONTROL\X64\DEBUG\DEFECTLIST.OBJ
D:\WORKING\EMI\EMICONTROL\EMICONTROL\EMICONTROL\X64\DEBUG\DIALOGAFCTRL.OBJ
D:\WORKING\EMI\EMICONTROL\EMICONTROL\EMICONTROL\X64\DEBUG\DIALOGALIGN.OBJ
D:\WORKING\EMI\EMICONTROL\EMICONTROL\EMICONTROL\X64\DEBUG\DIALOGCCD.OBJ
D:\WORKING\EMI\EMICONTROL\EMICONTROL\EMICONTROL\X64\DEBUG\DIALOGDFSERVER.OBJ
D:\WORKING\EMI\EMICONTROL\EMICONTROL\EMICONTROL\X64\DEBUG\DIALOGFILMALIGN.OBJ
D:\WORKING\EMI\EMICONTROL\EMICONTROL\EMICONTROL\X64\DEBUG\DIALOGGLASS.OBJ
D:\WORKING\EMI\EMICONTROL\EMICONTROL\EMICONTROL\X64\DEBUG\DIALOGGLASSMANUCTRL.OBJ
D:\WORKING\EMI\EMICONTROL\EMICONTROL\EMICONTROL\X64\DEBUG\DIALOGINLINE.OBJ
D:\WORKING\EMI\EMICONTROL\EMICONTROL\EMICONTROL\X64\DEBUG\DIALOGIOCTRL.OBJ
D:\WORKING\EMI\EMICONTROL\EMICONTROL\EMICONTROL\X64\DEBUG\DIALOGIPSCTRL.OBJ
D:\WORKING\EMI\EMICONTROL\EMICONTROL\EMICONTROL\X64\DEBUG\DIALOGLIGHTCTRL.OBJ
D:\WORKING\EMI\EMICONTROL\EMICONTROL\EMICONTROL\X64\DEBUG\DIALOGLOGALARM.OBJ
D:\WORKING\EMI\EMICONTROL\EMICONTROL\EMICONTROL\X64\DEBUG\DIALOGLOGIN.OBJ
D:\WORKING\EMI\EMICONTROL\EMICONTROL\EMICONTROL\X64\DEBUG\DIALOGLOGWINDOW.OBJ
D:\WORKING\EMI\EMICONTROL\EMICONTROL\EMICONTROL\X64\DEBUG\DIALOGMAININFO.OBJ
D:\WORKING\EMI\EMICONTROL\EMICONTROL\EMICONTROL\X64\DEBUG\DIALOGMOTORCTRL.OBJ
D:\WORKING\EMI\EMICONTROL\EMICONTROL\EMICONTROL\X64\DEBUG\DIALOGMSG.OBJ
D:\WORKING\EMI\EMICONTROL\EMICONTROL\EMICONTROL\X64\DEBUG\DIALOGRECIPE.OBJ
D:\WORKING\EMI\EMICONTROL\EMICONTROL\EMICONTROL\X64\DEBUG\DIALOGRECIPECELL.OBJ
D:\WORKING\EMI\EMICONTROL\EMICONTROL\EMICONTROL\X64\DEBUG\DIALOGRECIPECELLPCL.OBJ
D:\WORKING\EMI\EMICONTROL\EMICONTROL\EMICONTROL\X64\DEBUG\DIALOGRECIPEMODEL.OBJ
D:\WORKING\EMI\EMICONTROL\EMICONTROL\EMICONTROL\X64\DEBUG\DIALOGRECIPEPANEL.OBJ
D:\WORKING\EMI\EMICONTROL\EMICONTROL\EMICONTROL\X64\DEBUG\DIALOGRECIPESCAN.OBJ
D:\WORKING\EMI\EMICONTROL\EMICONTROL\EMICONTROL\X64\DEBUG\DIALOGREVIEW.OBJ
D:\WORKING\EMI\EMICONTROL\EMICONTROL\EMICONTROL\X64\DEBUG\DIALOGSYSTEM.OBJ
D:\WORKING\EMI\EMICONTROL\EMICONTROL\EMICONTROL\X64\DEBUG\DIALOGTRIGGERCTRL.OBJ
D:\WORKING\EMI\EMICONTROL\EMICONTROL\EMICONTROL\X64\DEBUG\EMICONTROL.EXE.EMBED.MANIFEST
D:\WORKING\EMI\EMICONTROL\EMICONTROL\EMICONTROL\X64\DEBUG\EMICONTROL.EXE.EMBED.MANIFEST.RES
D:\WORKING\EMI\EMICONTROL\EMICONTROL\EMICONTROL\X64\DEBUG\EMICONTROL.EXE.INTERMEDIATE.MANIFEST
D:\WORKING\EMI\EMICONTROL\EMICONTROL\EMICONTROL\X64\DEBUG\EMICONTROL.OBJ
D:\WORKING\EMI\EMICONTROL\EMICONTROL\EMICONTROL\X64\DEBUG\EMICONTROL.PCH
D:\WORKING\EMI\EMICONTROL\EMICONTROL\EMICONTROL\X64\DEBUG\EMICONTROL.RES
D:\working\emi\EMIControl\EMIControl\EMIControl\x64\Debug\EMIControl.vcxprojResolveAssemblyReference.cache
D:\working\emi\EMIControl\EMIControl\EMIControl\x64\Debug\EMIControl.write.1.tlog
D:\working\emi\EMIControl\EMIControl\EMIControl\x64\Debug\EMIControl_manifest.rc
D:\WORKING\EMI\EMICONTROL\EMICONTROL\EMICONTROL\X64\DEBUG\EMICONTROLDLG.OBJ
D:\WORKING\EMI\EMICONTROL\EMICONTROL\EMICONTROL\X64\DEBUG\FPTCLIENT.OBJ
D:\WORKING\EMI\EMICONTROL\EMICONTROL\EMICONTROL\X64\DEBUG\HASH.OBJ
D:\working\emi\EMIControl\EMIControl\EMIControl\x64\Debug\link.command.1.tlog
D:\working\emi\EMIControl\EMIControl\EMIControl\x64\Debug\link.read.1.tlog
D:\working\emi\EMIControl\EMIControl\EMIControl\x64\Debug\link.read.2.tlog
D:\working\emi\EMIControl\EMIControl\EMIControl\x64\Debug\link.write.1.tlog
D:\working\emi\EMIControl\EMIControl\EMIControl\x64\Debug\link-cvtres.read.1.tlog
D:\working\emi\EMIControl\EMIControl\EMIControl\x64\Debug\link-cvtres.write.1.tlog
D:\working\emi\EMIControl\EMIControl\EMIControl\x64\Debug\msxml6.tlh
D:\working\emi\EMIControl\EMIControl\EMIControl\x64\Debug\msxml6.tli
D:\working\emi\EMIControl\EMIControl\EMIControl\x64\Debug\mt.command.1.tlog
D:\working\emi\EMIControl\EMIControl\EMIControl\x64\Debug\mt.read.1.tlog
D:\working\emi\EMIControl\EMIControl\EMIControl\x64\Debug\mt.write.1.tlog
D:\WORKING\EMI\EMICONTROL\EMICONTROL\EMICONTROL\X64\DEBUG\PLC.OBJ
D:\WORKING\EMI\EMICONTROL\EMICONTROL\EMICONTROL\X64\DEBUG\PLCCOMM.OBJ
D:\WORKING\EMI\EMICONTROL\EMICONTROL\EMICONTROL\X64\DEBUG\PMAC.OBJ
D:\WORKING\EMI\EMICONTROL\EMICONTROL\EMICONTROL\X64\DEBUG\PMACCOMM.OBJ
D:\WORKING\EMI\EMICONTROL\EMICONTROL\EMICONTROL\X64\DEBUG\PROCESSBAR.OBJ
D:\working\emi\EMIControl\EMIControl\EMIControl\x64\Debug\rc.command.1.tlog
D:\working\emi\EMIControl\EMIControl\EMIControl\x64\Debug\rc.read.1.tlog
D:\working\emi\EMIControl\EMIControl\EMIControl\x64\Debug\rc.write.1.tlog
D:\WORKING\EMI\EMICONTROL\EMICONTROL\EMICONTROL\X64\DEBUG\RECIPE.OBJ
D:\WORKING\EMI\EMICONTROL\EMICONTROL\EMICONTROL\X64\DEBUG\RUNTIME.OBJ
D:\WORKING\EMI\EMICONTROL\EMICONTROL\EMICONTROL\X64\DEBUG\SERIALPORT.OBJ
D:\WORKING\EMI\EMICONTROL\EMICONTROL\EMICONTROL\X64\DEBUG\STDAFX.OBJ
D:\WORKING\EMI\EMICONTROL\EMICONTROL\EMICONTROL\X64\DEBUG\UI_CMD.OBJ
D:\working\emi\EMIControl\EMIControl\EMIControl\x64\Debug\vc100.idb
D:\WORKING\EMI\EMICONTROL\EMICONTROL\EMICONTROL\X64\DEBUG\VC100.PDB
D:\WORKING\EMI\EMICONTROL\EMICONTROL\EMICONTROL\X64\DEBUG\XML.OBJ
D:\WORKING\EMI\EMICONTROL\EMICONTROL\X64\DEBUG\EMICONTROL.EXE
D:\WORKING\EMI\EMICONTROL\EMICONTROL\X64\DEBUG\EMICONTROL.ILK
D:\WORKING\EMI\EMICONTROL\EMICONTROL\X64\DEBUG\EMICONTROL.PDB
