D:\Working\EMI\EMIControl\EMIControl\Debug\EMIControl.exe
D:\Working\EMI\EMIControl\EMIControl\Debug\EMIControl.ilk
D:\Working\EMI\EMIControl\EMIControl\Debug\EMIControl.pdb
D:\Working\EMI\EMIControl\EMIControl\EMIControl\Debug\cl.command.1.tlog
D:\Working\EMI\EMIControl\EMIControl\EMIControl\Debug\CL.read.1.tlog
D:\Working\EMI\EMIControl\EMIControl\EMIControl\Debug\CL.write.1.tlog
D:\Working\EMI\EMIControl\EMIControl\EMIControl\Debug\EMIControl.exe.embed.manifest
D:\Working\EMI\EMIControl\EMIControl\EMIControl\Debug\EMIControl.exe.embed.manifest.res
D:\Working\EMI\EMIControl\EMIControl\EMIControl\Debug\EMIControl.exe.intermediate.manifest
D:\Working\EMI\EMIControl\EMIControl\EMIControl\Debug\EMIControl.obj
D:\Working\EMI\EMIControl\EMIControl\EMIControl\Debug\EMIControl.res
D:\Working\EMI\EMIControl\EMIControl\EMIControl\Debug\EMIControl.vcxprojResolveAssemblyReference.cache
D:\Working\EMI\EMIControl\EMIControl\EMIControl\Debug\EMIControl.write.1.tlog
D:\Working\EMI\EMIControl\EMIControl\EMIControl\Debug\EMIControl_manifest.rc
D:\Working\EMI\EMIControl\EMIControl\EMIControl\Debug\EMIControlDlg.obj
D:\Working\EMI\EMIControl\EMIControl\EMIControl\Debug\link.command.1.tlog
D:\Working\EMI\EMIControl\EMIControl\EMIControl\Debug\link.read.1.tlog
D:\Working\EMI\EMIControl\EMIControl\EMIControl\Debug\link.write.1.tlog
D:\Working\EMI\EMIControl\EMIControl\EMIControl\Debug\link-cvtres.read.1.tlog
D:\Working\EMI\EMIControl\EMIControl\EMIControl\Debug\link-cvtres.write.1.tlog
D:\Working\EMI\EMIControl\EMIControl\EMIControl\Debug\mt.command.1.tlog
D:\Working\EMI\EMIControl\EMIControl\EMIControl\Debug\mt.read.1.tlog
D:\Working\EMI\EMIControl\EMIControl\EMIControl\Debug\mt.write.1.tlog
D:\Working\EMI\EMIControl\EMIControl\EMIControl\Debug\rc.command.1.tlog
D:\Working\EMI\EMIControl\EMIControl\EMIControl\Debug\rc.read.1.tlog
D:\Working\EMI\EMIControl\EMIControl\EMIControl\Debug\rc.write.1.tlog
D:\Working\EMI\EMIControl\EMIControl\EMIControl\Debug\vc100.idb
D:\WORKING\EMI\EMICONTROL\EMICONTROL\EMICONTROL\DEBUG\VC100.PDB
D:\WORKING\EMICONTROL\DEBUG\EMICONTROL.EXE
D:\WORKING\EMICONTROL\DEBUG\EMICONTROL.ILK
D:\WORKING\EMICONTROL\DEBUG\EMICONTROL.PDB
D:\WORKING\EMICONTROL\EMICONTROL\DEBUG\EMICONTROL.EXE.EMBED.MANIFEST
D:\WORKING\EMICONTROL\EMICONTROL\DEBUG\EMICONTROL.EXE.EMBED.MANIFEST.RES
D:\WORKING\EMICONTROL\EMICONTROL\DEBUG\EMICONTROL.EXE.INTERMEDIATE.MANIFEST
D:\WORKING\EMICONTROL\EMICONTROL\DEBUG\EMICONTROL.OBJ
D:\WORKING\EMICONTROL\EMICONTROL\DEBUG\EMICONTROL.PCH
D:\WORKING\EMICONTROL\EMICONTROL\DEBUG\EMICONTROL.RES
D:\WORKING\EMICONTROL\EMICONTROL\DEBUG\EMICONTROLDLG.OBJ
D:\WORKING\EMICONTROL\EMICONTROL\DEBUG\STDAFX.OBJ
D:\WORKING\EMICONTROL\EMICONTROL\DEBUG\VC100.PDB
